#
# There is insufficient memory for the Java Runtime Environment to continue.
# Native memory allocation (mmap) failed to map 134217728 bytes for Failed to commit area from 0x0000000080a00000 to 0x0000000088a00000 of length 134217728.
# Possible reasons:
#   The system is out of physical RAM or swap space
#   The process is running with CompressedOops enabled, and the Java Heap may be blocking the growth of the native heap
# Possible solutions:
#   Reduce memory load on the system
#   Increase physical memory or swap space
#   Check if swap backing store is full
#   Decrease Java heap size (-Xmx/-Xms)
#   Decrease number of Java threads
#   Decrease Java thread stack sizes (-Xss)
#   Set larger code cache with -XX:ReservedCodeCacheSize=
# This output file may be truncated or incomplete.
#
#  Out of Memory Error (c:/BuildAgent/work/5ff2f6c26000d570/src/hotspot/os/windows/os_windows.cpp:3281), pid=33604, tid=32900
#
# JRE version:  (11.0.4+10) (build )
# Java VM: OpenJDK 64-Bit Server VM (11.0.4+10-b520.11, mixed mode, aot, sharing, tiered, compressed oops, g1 gc, windows-amd64)
# No core dump will be written. Minidumps are not enabled by default on client versions of Windows
#

---------------  S U M M A R Y ------------

Command Line: org.jetbrains.git4idea.http.GitAskPassApp Username for 'https://github.com': 

Host: Intel(R) Core(TM) i5-2500 CPU @ 3.30GHz, 4 cores, 7G,  Windows 10 , 64 bit Build 18362 (10.0.18362.329)
Time: Sun Jan 19 01:23:15 2020 Mitteleuropaische Zeit elapsed time: 0 seconds (0d 0h 0m 0s)

---------------  T H R E A D  ---------------

Current thread (0x000002c023983800):  JavaThread "Unknown thread" [_thread_in_vm, id=32900, stack(0x000000fe37300000,0x000000fe37400000)]

Stack: [0x000000fe37300000,0x000000fe37400000]
Native frames: (J=compiled Java code, j=interpreted, Vv=VM code, C=native code)
V  [jvm.dll+0x5db21a]
V  [jvm.dll+0x70c4f5]
V  [jvm.dll+0x70da18]
V  [jvm.dll+0x70e0e3]
V  [jvm.dll+0x23de68]
V  [jvm.dll+0x5d8984]
V  [jvm.dll+0x5cda05]
V  [jvm.dll+0x2fa6bb]
V  [jvm.dll+0x2fa62a]
V  [jvm.dll+0x2fa502]
V  [jvm.dll+0x2ff3c6]
V  [jvm.dll+0x3478b3]
V  [jvm.dll+0x347fb6]
V  [jvm.dll+0x3479b3]
V  [jvm.dll+0x2d4f98]
V  [jvm.dll+0x2d6147]
V  [jvm.dll+0x6eb6e7]
V  [jvm.dll+0x6ecedc]
V  [jvm.dll+0x354fe9]
V  [jvm.dll+0x6d35ae]
V  [jvm.dll+0x3bd7e3]
V  [jvm.dll+0x3bfb81]
C  [java.exe+0x3763]
C  [java.exe+0x17a0c]
C  [KERNEL32.DLL+0x17bd4]
C  [ntdll.dll+0x6ced1]


---------------  P R O C E S S  ---------------

Threads class SMR info:
_java_thread_list=0x000002c022015ba0, length=0, elements={
}

Java Threads: ( => current thread )

Other Threads:
  0x000002c02399e000 GCTaskThread "GC Thread#0" [stack: 0x000000fe37400000,0x000000fe37500000] [id=20796]
  0x000002c0239ce000 ConcurrentGCThread "G1 Main Marker" [stack: 0x000000fe37500000,0x000000fe37600000] [id=31424]
  0x000002c0239d0000 ConcurrentGCThread "G1 Conc#0" [stack: 0x000000fe37600000,0x000000fe37700000] [id=30192]

[error occurred during error reporting (printing all threads), id 0xc0000005, EXCEPTION_ACCESS_VIOLATION (0xc0000005) at pc=0x00007ffa2d9958a7]

VM state:not at safepoint (not fully initialized)

VM Mutex/Monitor currently owned by a thread:  ([mutex/lock_event])
[0x000002c023981230] Heap_lock - owner thread: 0x000002c023983800

Heap address: 0x0000000080a00000, size: 2038 MB, Compressed Oops mode: Non-zero based: 0x0000000080a00000
Narrow klass base: 0x0000000000000000, Narrow klass shift: 0

GC Heap History (0 events):
No events

Deoptimization events (0 events):
No events

Classes redefined (0 events):
No events

Internal exceptions (0 events):
No events

Events (0 events):
No events


Dynamic libraries:
0x00007ff6048d0000 - 0x00007ff604917000 	C:\Program Files\JetBrains\IntelliJ IDEA 2019.2.4\jbr\bin\java.exe
0x00007ffa75600000 - 0x00007ffa757f0000 	C:\WINDOWS\SYSTEM32\ntdll.dll
0x00007ffa74790000 - 0x00007ffa74842000 	C:\WINDOWS\System32\KERNEL32.DLL
0x00007ffa73310000 - 0x00007ffa735b3000 	C:\WINDOWS\System32\KERNELBASE.dll
0x00007ffa753c0000 - 0x00007ffa75554000 	C:\WINDOWS\System32\USER32.dll
0x00007ffa732e0000 - 0x00007ffa73301000 	C:\WINDOWS\System32\win32u.dll
0x00007ffa739e0000 - 0x00007ffa73a06000 	C:\WINDOWS\System32\GDI32.dll
0x00007ffa72590000 - 0x00007ffa72724000 	C:\WINDOWS\System32\gdi32full.dll
0x00007ffa735c0000 - 0x00007ffa7365e000 	C:\WINDOWS\System32\msvcp_win.dll
0x00007ffa728b0000 - 0x00007ffa729aa000 	C:\WINDOWS\System32\ucrtbase.dll
0x00007ffa69dc0000 - 0x00007ffa6a045000 	C:\WINDOWS\WinSxS\amd64_microsoft.windows.common-controls_6595b64144ccf1df_6.0.18362.592_none_e6c0b1911312be02\COMCTL32.dll
0x00007ffa73790000 - 0x00007ffa7382e000 	C:\WINDOWS\System32\msvcrt.dll
0x00007ffa73a10000 - 0x00007ffa73d46000 	C:\WINDOWS\System32\combase.dll
0x00007ffa749b0000 - 0x00007ffa74ad0000 	C:\WINDOWS\System32\RPCRT4.dll
0x00007ffa73260000 - 0x00007ffa732e0000 	C:\WINDOWS\System32\bcryptPrimitives.dll
0x00007ffa74980000 - 0x00007ffa749ae000 	C:\WINDOWS\System32\IMM32.DLL
0x00007ffa610e0000 - 0x00007ffa610f7000 	C:\Program Files\JetBrains\IntelliJ IDEA 2019.2.4\jbr\bin\vcruntime140.dll
0x00007ffa5bba0000 - 0x00007ffa5bc3d000 	C:\Program Files\JetBrains\IntelliJ IDEA 2019.2.4\jbr\bin\msvcp140.dll
0x00007ffa2d6b0000 - 0x00007ffa2e168000 	C:\Program Files\JetBrains\IntelliJ IDEA 2019.2.4\jbr\bin\server\jvm.dll
0x00007ffa74850000 - 0x00007ffa748f3000 	C:\WINDOWS\System32\ADVAPI32.dll
0x00007ffa75320000 - 0x00007ffa753b7000 	C:\WINDOWS\System32\sechost.dll
0x00007ffa74090000 - 0x00007ffa74098000 	C:\WINDOWS\System32\PSAPI.DLL
0x00007ffa6a090000 - 0x00007ffa6a0b4000 	C:\WINDOWS\SYSTEM32\WINMM.dll
0x00007ffa6ba90000 - 0x00007ffa6ba9a000 	C:\WINDOWS\SYSTEM32\VERSION.dll
0x00007ffa61cd0000 - 0x00007ffa61cd9000 	C:\WINDOWS\SYSTEM32\WSOCK32.dll
0x00007ffa73830000 - 0x00007ffa7389f000 	C:\WINDOWS\System32\WS2_32.dll
0x00007ffa6a060000 - 0x00007ffa6a08d000 	C:\WINDOWS\SYSTEM32\winmmbase.dll
0x00007ffa73660000 - 0x00007ffa736aa000 	C:\WINDOWS\System32\cfgmgr32.dll
0x00007ffa72520000 - 0x00007ffa72531000 	C:\WINDOWS\System32\kernel.appcore.dll
0x00007ffa6a690000 - 0x00007ffa6a6a1000 	C:\Program Files\JetBrains\IntelliJ IDEA 2019.2.4\jbr\bin\verify.dll
0x00007ffa6bf70000 - 0x00007ffa6c164000 	C:\WINDOWS\SYSTEM32\DBGHELP.DLL
0x00007ffa6bf20000 - 0x00007ffa6bf4a000 	C:\WINDOWS\SYSTEM32\dbgcore.DLL
0x00007ffa69220000 - 0x00007ffa69249000 	C:\Program Files\JetBrains\IntelliJ IDEA 2019.2.4\jbr\bin\java.dll
0x00007ffa6a670000 - 0x00007ffa6a687000 	C:\Program Files\JetBrains\IntelliJ IDEA 2019.2.4\jbr\bin\zip.dll
0x00007ffa6d010000 - 0x00007ffa6d01b000 	C:\Program Files\JetBrains\IntelliJ IDEA 2019.2.4\jbr\bin\jimage.dll

dbghelp: loaded successfully - version: 4.0.5 - missing functions: none
symbol engine: initialized successfully - sym options: 0x614 - pdb path: .;C:\Program Files\JetBrains\IntelliJ IDEA 2019.2.4\jbr\bin;C:\WINDOWS\SYSTEM32;C:\WINDOWS\WinSxS\amd64_microsoft.windows.common-controls_6595b64144ccf1df_6.0.18362.592_none_e6c0b1911312be02;C:\Program Files\JetBrains\IntelliJ IDEA 2019.2.4\jbr\bin\server

VM Arguments:
java_command: org.jetbrains.git4idea.http.GitAskPassApp Username for 'https://github.com': 
java_class_path (initial): C:/Program Files/JetBrains/IntelliJ IDEA 2019.2.4/plugins/git4idea/lib/git4idea-rt.jar;C:/Program Files/JetBrains/IntelliJ IDEA 2019.2.4/lib/xmlrpc-2.0.1.jar;C:/Program Files/JetBrains/IntelliJ IDEA 2019.2.4/lib/commons-codec-1.13.jar;C:/Program Files/JetBrains/IntelliJ IDEA 2019.2.4/lib/util.jar
Launcher Type: SUN_STANDARD

[Global flags]
     intx CICompilerCount                          = 3                                         {product} {ergonomic}
     uint ConcGCThreads                            = 1                                         {product} {ergonomic}
     uint G1ConcRefinementThreads                  = 4                                         {product} {ergonomic}
   size_t G1HeapRegionSize                         = 1048576                                   {product} {ergonomic}
    uintx GCDrainStackTargetSize                   = 64                                        {product} {ergonomic}
   size_t InitialHeapSize                          = 134217728                                 {product} {ergonomic}
   size_t MarkStackSize                            = 4194304                                   {product} {ergonomic}
   size_t MaxHeapSize                              = 2136997888                                {product} {ergonomic}
   size_t MinHeapDeltaBytes                        = 1048576                                   {product} {ergonomic}
    uintx NonNMethodCodeHeapSize                   = 5830092                                {pd product} {ergonomic}
    uintx NonProfiledCodeHeapSize                  = 122914074                              {pd product} {ergonomic}
    uintx ProfiledCodeHeapSize                     = 122914074                              {pd product} {ergonomic}
    uintx ReservedCodeCacheSize                    = 251658240                              {pd product} {ergonomic}
     bool SegmentedCodeCache                       = true                                      {product} {ergonomic}
     bool UseCompressedClassPointers               = true                                 {lp64_product} {ergonomic}
     bool UseCompressedOops                        = true                                 {lp64_product} {ergonomic}
     bool UseG1GC                                  = true                                      {product} {ergonomic}
     bool UseLargePagesIndividualAllocation        = false                                  {pd product} {ergonomic}

Logging:
Log output configuration:
 #0: stdout all=warning uptime,level,tags
 #1: stderr all=off uptime,level,tags

Environment Variables:
JAVA_HOME=C:\Program Files (x86)\Java\jdk1.8.0_181
PATH=C:/Program Files/Git/mingw64/libexec/git-core;C:/Program Files/Git/mingw64/libexec/git-core;C:\Program Files\Git\mingw64\bin;C:\Program Files\Git\usr\bin;C:\Users\Tom\bin;C:\ProgramData\Oracle\Java\javapath;C:\WINDOWS\system32;C:\WINDOWS;C:\WINDOWS\System32\Wbem;C:\WINDOWS\System32\WindowsPowerShell\v1.0\;C:\WINDOWS\System32\OpenSSH\;C:\Program Files\dotnet\;C:\Program Files\Microsoft SQL Server\130\Tools\Binn\;C:\Program Files\PuTTY\;C:\Program Files\Git\cmd;C:\Program Files\nodejs\;C:\Program Files\MySQL\MySQL Shell 8.0\bin\;C:\Users\Tom\AppData\Roaming\npm
USERNAME=Tom
DISPLAY=:0.0
OS=Windows_NT
PROCESSOR_IDENTIFIER=Intel64 Family 6 Model 42 Stepping 7, GenuineIntel



---------------  S Y S T E M  ---------------

OS: Windows 10 , 64 bit Build 18362 (10.0.18362.329)

CPU:total 4 (initial active 4) (4 cores per cpu, 1 threads per core) family 6 model 42 stepping 7, cmov, cx8, fxsr, mmx, sse, sse2, sse3, ssse3, sse4.1, sse4.2, popcnt, avx, aes, clmul, tsc, tscinvbit

Memory: 4k page, system-wide physical 8150M (1797M free)
TotalPageFile size 12845M (AvailPageFile size 109M)
current process WorkingSet (physical memory assigned to process): 9M, peak: 9M
current process commit charge ("private bytes"): 51M, peak: 179M

vm_info: OpenJDK 64-Bit Server VM (11.0.4+10-b520.11) for windows-amd64 JRE (11.0.4+10-b520.11), built on Nov 16 2019 04:35:14 by "" with MS VC++ 14.0 (VS2015)

END.
